
**** 10/29/24 11:57:09 *********** Evaluation PSpice (Nov 1999) **************

 * C:\Users\Alex\Documents\1rUAB\EE\Practica3\Schematic.sch


 ****     CIRCUIT DESCRIPTION


******************************************************************************




* Schematics Version 9.1 - Web Update 1
* Tue Oct 29 11:57:06 2024


.PARAM         x=10k 

** Analysis setup **
.tran 0s 10s
.STEP LIN TEMP 0 10 1 
.OP 


* From [PSPICE NETLIST] section of pspiceev.ini:
.lib "nom.lib"

.INC "Schematic.net"

**** INCLUDING Schematic.net ****
* Schematics Netlist *



R_R2         0 Vo  {x}  
R_R1         $N_0001 Vo  10k  
V_V1         $N_0001 0  
+SIN 0 10 10k 0 0 0

**** RESUMING Schematic.cir ****
.INC "Schematic.als"



**** INCLUDING Schematic.als ****
* Schematics Aliases *

.ALIASES
R_R2            R2(1=0 2=Vo )
R_R1            R1(1=$N_0001 2=Vo )
V_V1            V1(+=$N_0001 -=0 )
_    _(Vo=Vo)
.ENDALIASES


**** RESUMING Schematic.cir ****
.probe


.END

**** 10/29/24 11:57:09 *********** Evaluation PSpice (Nov 1999) **************

 * C:\Users\Alex\Documents\1rUAB\EE\Practica3\Schematic.sch


 ****     SMALL SIGNAL BIAS SOLUTION       TEMPERATURE =    0.000 DEG C


******************************************************************************



 NODE   VOLTAGE     NODE   VOLTAGE     NODE   VOLTAGE     NODE   VOLTAGE


(   Vo)    0.0000  ($N_0001)    0.0000                   




    VOLTAGE SOURCE CURRENTS
    NAME         CURRENT

    V_V1         0.000E+00

    TOTAL POWER DISSIPATION   0.00E+00  WATTS


**** 10/29/24 11:57:09 *********** Evaluation PSpice (Nov 1999) **************

 * C:\Users\Alex\Documents\1rUAB\EE\Practica3\Schematic.sch


 ****     OPERATING POINT INFORMATION      TEMPERATURE =    0.000 DEG C


******************************************************************************




**** 10/29/24 11:57:09 *********** Evaluation PSpice (Nov 1999) **************

 * C:\Users\Alex\Documents\1rUAB\EE\Practica3\Schematic.sch


 ****     INITIAL TRANSIENT SOLUTION       TEMPERATURE =    0.000 DEG C


******************************************************************************



 NODE   VOLTAGE     NODE   VOLTAGE     NODE   VOLTAGE     NODE   VOLTAGE


(   Vo)    0.0000  ($N_0001)    0.0000                   




    VOLTAGE SOURCE CURRENTS
    NAME         CURRENT

    V_V1         0.000E+00

    TOTAL POWER DISSIPATION   0.00E+00  WATTS


**** 10/29/24 11:57:09 *********** Evaluation PSpice (Nov 1999) **************

 * C:\Users\Alex\Documents\1rUAB\EE\Practica3\Schematic.sch


 ****     SMALL SIGNAL BIAS SOLUTION       TEMPERATURE =    1.000 DEG C


******************************************************************************



 NODE   VOLTAGE     NODE   VOLTAGE     NODE   VOLTAGE     NODE   VOLTAGE


(   Vo)    0.0000  ($N_0001)    0.0000                   




    VOLTAGE SOURCE CURRENTS
    NAME         CURRENT

    V_V1         0.000E+00

    TOTAL POWER DISSIPATION   0.00E+00  WATTS


**** 10/29/24 11:57:09 *********** Evaluation PSpice (Nov 1999) **************

 * C:\Users\Alex\Documents\1rUAB\EE\Practica3\Schematic.sch


 ****     OPERATING POINT INFORMATION      TEMPERATURE =    1.000 DEG C


******************************************************************************




**** 10/29/24 11:57:09 *********** Evaluation PSpice (Nov 1999) **************

 * C:\Users\Alex\Documents\1rUAB\EE\Practica3\Schematic.sch


 ****     INITIAL TRANSIENT SOLUTION       TEMPERATURE =    1.000 DEG C


******************************************************************************



 NODE   VOLTAGE     NODE   VOLTAGE     NODE   VOLTAGE     NODE   VOLTAGE


(   Vo)    0.0000  ($N_0001)    0.0000                   




    VOLTAGE SOURCE CURRENTS
    NAME         CURRENT

    V_V1         0.000E+00

    TOTAL POWER DISSIPATION   0.00E+00  WATTS


          JOB ABORTED

          TOTAL JOB TIME           57.83
