
**** 11/05/24 18:33:07 *********** Evaluation PSpice (Nov 1999) **************

 * C:\Users\alexm\Documents\1rUAB\EE\PracticasEE\Practica4\Schematic1.sch


 ****     CIRCUIT DESCRIPTION


******************************************************************************




* Schematics Version 9.1 - Web Update 1
* Tue Nov 05 18:33:04 2024



** Analysis setup **
.tran 0us 1000ns
.OP 


* From [PSPICE NETLIST] section of pspiceev.ini:
.lib "nom.lib"

.INC "Schematic1.net"

**** INCLUDING Schematic1.net ****
* Schematics Netlist *



R_R1         VPULSE Condensador  100  
C_C1         0 Condensador  1n  
V_V3         VPULSE 0  
+PULSE 0 10 100n 1n 1n 0.6u 0.9u

**** RESUMING Schematic1.cir ****
.INC "Schematic1.als"



**** INCLUDING Schematic1.als ****
* Schematics Aliases *

.ALIASES
R_R1            R1(1=VPULSE 2=Condensador )
C_C1            C1(1=0 2=Condensador )
V_V3            V3(+=VPULSE -=0 )
_    _(Condensador=Condensador)
_    _(VPULSE=VPULSE)
.ENDALIASES


**** RESUMING Schematic1.cir ****
.probe


.END

**** 11/05/24 18:33:07 *********** Evaluation PSpice (Nov 1999) **************

 * C:\Users\alexm\Documents\1rUAB\EE\PracticasEE\Practica4\Schematic1.sch


 ****     SMALL SIGNAL BIAS SOLUTION       TEMPERATURE =   27.000 DEG C


******************************************************************************



 NODE   VOLTAGE     NODE   VOLTAGE     NODE   VOLTAGE     NODE   VOLTAGE


(VPULSE)    0.0000 (Condensador)    0.0000               




    VOLTAGE SOURCE CURRENTS
    NAME         CURRENT

    V_V3         0.000E+00

    TOTAL POWER DISSIPATION   0.00E+00  WATTS


**** 11/05/24 18:33:07 *********** Evaluation PSpice (Nov 1999) **************

 * C:\Users\alexm\Documents\1rUAB\EE\PracticasEE\Practica4\Schematic1.sch


 ****     OPERATING POINT INFORMATION      TEMPERATURE =   27.000 DEG C


******************************************************************************




**** 11/05/24 18:33:07 *********** Evaluation PSpice (Nov 1999) **************

 * C:\Users\alexm\Documents\1rUAB\EE\PracticasEE\Practica4\Schematic1.sch


 ****     INITIAL TRANSIENT SOLUTION       TEMPERATURE =   27.000 DEG C


******************************************************************************



 NODE   VOLTAGE     NODE   VOLTAGE     NODE   VOLTAGE     NODE   VOLTAGE


(VPULSE)    0.0000 (Condensador)    0.0000               




    VOLTAGE SOURCE CURRENTS
    NAME         CURRENT

    V_V3         0.000E+00

    TOTAL POWER DISSIPATION   0.00E+00  WATTS



          JOB CONCLUDED

          TOTAL JOB TIME            0.00
